type of model: xgboost, encryption:False
 training time: 65.71905732154846 [s]
 train acc: 0.9044174382716049, test acc: 0.8915895061728395
 #Nodes: 389
 Comm: (1541, 874800)
type of model: xgboost, encryption:False
 training time: 67.92491006851196 [s]
 train acc: 0.8940007716049383, test acc: 0.8877314814814815
 #Nodes: 397
 Comm: (1573, 875280)
type of model: xgboost, encryption:False
 training time: 70.08489656448364 [s]
 train acc: 0.8980516975308642, test acc: 0.8915895061728395
 #Nodes: 427
 Comm: (1693, 877080)
type of model: xgboost, encryption:False
 training time: 72.20888996124268 [s]
 train acc: 0.9085648148148148, test acc: 0.9027777777777778
 #Nodes: 453
 Comm: (1797, 878640)
type of model: xgboost, encryption:False
 training time: 71.73911213874817 [s]
 train acc: 0.8799189814814815, test acc: 0.8738425925925926
 #Nodes: 411
 Comm: (1629, 876120)
