type of model: randomforest, encryption:False
 training time: 114.21821856498718 [s]
 train acc: 0.832375, test acc: 0.8215
 #Nodes: 587
 Comm: (4697, 265120)
type of model: randomforest, encryption:False
 training time: 115.29707288742065 [s]
 train acc: 0.8225833333333333, test acc: 0.8086666666666666
 #Nodes: 583
 Comm: (4665, 264640)
type of model: randomforest, encryption:False
 training time: 116.50209927558899 [s]
 train acc: 0.8285833333333333, test acc: 0.8213333333333334
 #Nodes: 569
 Comm: (4553, 262960)
type of model: randomforest, encryption:False
 training time: 116.28899621963501 [s]
 train acc: 0.8297916666666667, test acc: 0.8163333333333334
 #Nodes: 559
 Comm: (4473, 261760)
type of model: randomforest, encryption:False
 training time: 123.14497089385986 [s]
 train acc: 0.8321666666666667, test acc: 0.8143333333333334
 #Nodes: 605
 Comm: (4841, 267280)
