2023-11-13 15:15:36.990823: I tensorflow/tsl/cuda/cudart_stub.cc:28] Could not find cuda drivers on your machine, GPU will not be used.
2023-11-13 15:15:37.037861: E tensorflow/compiler/xla/stream_executor/cuda/cuda_dnn.cc:9342] Unable to register cuDNN factory: Attempting to register factory for plugin cuDNN when one has already been registered
2023-11-13 15:15:37.037930: E tensorflow/compiler/xla/stream_executor/cuda/cuda_fft.cc:609] Unable to register cuFFT factory: Attempting to register factory for plugin cuFFT when one has already been registered
2023-11-13 15:15:37.037970: E tensorflow/compiler/xla/stream_executor/cuda/cuda_blas.cc:1518] Unable to register cuBLAS factory: Attempting to register factory for plugin cuBLAS when one has already been registered
2023-11-13 15:15:38.127025: W tensorflow/compiler/tf2tensorrt/utils/py_utils.cc:38] TF-TRT Warning: Could not find TensorRT
================= iter seed  97  =================
===== No Defense ======
===== No Attack ======
running on cuda0
============ apply_trainable_layer= 0 ============
======= Defense ========
Defense_Name: None
Defense_Config: None
===== Total Attack Tested: 0  ======
targeted_backdoor: [] []
untargeted_backdoor: [] []
label_inference: [] []
feature_inference: [] []
exp_result/mnist/Q1/0/None_None,model=MLP2_Softmax.txt
=================================

No Attack==============================
load_dataset_per_party  args.need_auxiliary =  0
Load Defense models
load_dataset_per_party  args.need_auxiliary =  0
Load Defense models
validate and test
Epoch 0% 	 train_loss:-1.00 train_acc:-1.00 test_acc:0.91
validate and test
Epoch 1% 	 train_loss:-1.00 train_acc:-1.00 test_acc:0.92
validate and test
Epoch 2% 	 train_loss:-1.00 train_acc:-1.00 test_acc:0.93
validate and test
Epoch 3% 	 train_loss:-1.00 train_acc:-1.00 test_acc:0.94
validate and test
Epoch 4% 	 train_loss:-1.00 train_acc:-1.00 test_acc:0.94
validate and test
Epoch 5% 	 train_loss:-1.00 train_acc:-1.00 test_acc:0.94
validate and test
Epoch 6% 	 train_loss:-1.00 train_acc:-1.00 test_acc:0.94
validate and test
Epoch 7% 	 train_loss:-1.00 train_acc:-1.00 test_acc:0.95
validate and test
Epoch 8% 	 train_loss:-1.00 train_acc:-1.00 test_acc:0.95
validate and test
Epoch 9% 	 train_loss:-1.00 train_acc:-1.00 test_acc:0.95
validate and test
Epoch 10% 	 train_loss:-1.00 train_acc:-1.00 test_acc:0.95
validate and test
Epoch 11% 	 train_loss:-1.00 train_acc:-1.00 test_acc:0.95
validate and test
Epoch 12% 	 train_loss:-1.00 train_acc:-1.00 test_acc:0.95
validate and test
Epoch 13% 	 train_loss:-1.00 train_acc:-1.00 test_acc:0.95
validate and test
Epoch 14% 	 train_loss:-1.00 train_acc:-1.00 test_acc:0.95
validate and test
Epoch 15% 	 train_loss:-1.00 train_acc:-1.00 test_acc:0.95
validate and test
Epoch 16% 	 train_loss:-1.00 train_acc:-1.00 test_acc:0.95
validate and test
Epoch 17% 	 train_loss:-1.00 train_acc:-1.00 test_acc:0.95
validate and test
Epoch 18% 	 train_loss:-1.00 train_acc:-1.00 test_acc:0.95
validate and test
Epoch 19% 	 train_loss:-1.00 train_acc:-1.00 test_acc:0.95
validate and test
Epoch 20% 	 train_loss:-1.00 train_acc:-1.00 test_acc:0.95
validate and test
Epoch 21% 	 train_loss:-1.00 train_acc:-1.00 test_acc:0.95
validate and test
Epoch 22% 	 train_loss:-1.00 train_acc:-1.00 test_acc:0.95
validate and test
Epoch 23% 	 train_loss:-1.00 train_acc:-1.00 test_acc:0.96
validate and test
Epoch 24% 	 train_loss:-1.00 train_acc:-1.00 test_acc:0.95
validate and test
Epoch 25% 	 train_loss:-1.00 train_acc:-1.00 test_acc:0.96
validate and test
Epoch 26% 	 train_loss:-1.00 train_acc:-1.00 test_acc:0.96
validate and test
Epoch 27% 	 train_loss:-1.00 train_acc:-1.00 test_acc:0.96
validate and test
Epoch 28% 	 train_loss:-1.00 train_acc:-1.00 test_acc:0.96
validate and test
Epoch 29% 	 train_loss:-1.00 train_acc:-1.00 test_acc:0.96
K|bs|LR|num_class|Q|top_trainable|epoch|attack_name|None|main_task_acc|acc_loss,2|1024|0.010000|10|1|0|30|No_Attack|None|0.9573|0.0
================= iter seed  98  =================
===== No Defense ======
===== No Attack ======
running on cuda0
============ apply_trainable_layer= 0 ============
======= Defense ========
Defense_Name: None
Defense_Config: None
===== Total Attack Tested: 0  ======
targeted_backdoor: [] []
untargeted_backdoor: [] []
label_inference: [] []
feature_inference: [] []
exp_result/mnist/Q1/0/None_None,model=MLP2_Softmax.txt
=================================

No Attack==============================
load_dataset_per_party  args.need_auxiliary =  0
Load Defense models
load_dataset_per_party  args.need_auxiliary =  0
Load Defense models
validate and test
Epoch 0% 	 train_loss:-1.00 train_acc:-1.00 test_acc:0.91
validate and test
Epoch 1% 	 train_loss:-1.00 train_acc:-1.00 test_acc:0.93
validate and test
Epoch 2% 	 train_loss:-1.00 train_acc:-1.00 test_acc:0.93
validate and test
Epoch 3% 	 train_loss:-1.00 train_acc:-1.00 test_acc:0.94
validate and test
Epoch 4% 	 train_loss:-1.00 train_acc:-1.00 test_acc:0.94
validate and test
Epoch 5% 	 train_loss:-1.00 train_acc:-1.00 test_acc:0.94
validate and test
Epoch 6% 	 train_loss:-1.00 train_acc:-1.00 test_acc:0.95
validate and test
Epoch 7% 	 train_loss:-1.00 train_acc:-1.00 test_acc:0.95
validate and test
Epoch 8% 	 train_loss:-1.00 train_acc:-1.00 test_acc:0.95
validate and test
Epoch 9% 	 train_loss:-1.00 train_acc:-1.00 test_acc:0.95
validate and test
Epoch 10% 	 train_loss:-1.00 train_acc:-1.00 test_acc:0.95
validate and test
Epoch 11% 	 train_loss:-1.00 train_acc:-1.00 test_acc:0.95
validate and test
Epoch 12% 	 train_loss:-1.00 train_acc:-1.00 test_acc:0.95
validate and test
Epoch 13% 	 train_loss:-1.00 train_acc:-1.00 test_acc:0.95
validate and test
Epoch 14% 	 train_loss:-1.00 train_acc:-1.00 test_acc:0.96
validate and test
Epoch 15% 	 train_loss:-1.00 train_acc:-1.00 test_acc:0.96
validate and test
Epoch 16% 	 train_loss:-1.00 train_acc:-1.00 test_acc:0.96
validate and test
Epoch 17% 	 train_loss:-1.00 train_acc:-1.00 test_acc:0.96
validate and test
Epoch 18% 	 train_loss:-1.00 train_acc:-1.00 test_acc:0.96
validate and test
Epoch 19% 	 train_loss:-1.00 train_acc:-1.00 test_acc:0.96
validate and test
Epoch 20% 	 train_loss:-1.00 train_acc:-1.00 test_acc:0.96
validate and test
Epoch 21% 	 train_loss:-1.00 train_acc:-1.00 test_acc:0.96
validate and test
Epoch 22% 	 train_loss:-1.00 train_acc:-1.00 test_acc:0.96
validate and test
Epoch 23% 	 train_loss:-1.00 train_acc:-1.00 test_acc:0.96
validate and test
Epoch 24% 	 train_loss:-1.00 train_acc:-1.00 test_acc:0.96
validate and test
Epoch 25% 	 train_loss:-1.00 train_acc:-1.00 test_acc:0.96
validate and test
Epoch 26% 	 train_loss:-1.00 train_acc:-1.00 test_acc:0.96
validate and test
Epoch 27% 	 train_loss:-1.00 train_acc:-1.00 test_acc:0.96
validate and test
Epoch 28% 	 train_loss:-1.00 train_acc:-1.00 test_acc:0.96
validate and test
Epoch 29% 	 train_loss:-1.00 train_acc:-1.00 test_acc:0.96
K|bs|LR|num_class|Q|top_trainable|epoch|attack_name|None|main_task_acc|acc_loss,2|1024|0.010000|10|1|0|30|No_Attack|None|0.9581|0.0
================= iter seed  99  =================
===== No Defense ======
===== No Attack ======
running on cuda0
============ apply_trainable_layer= 0 ============
======= Defense ========
Defense_Name: None
Defense_Config: None
===== Total Attack Tested: 0  ======
targeted_backdoor: [] []
untargeted_backdoor: [] []
label_inference: [] []
feature_inference: [] []
exp_result/mnist/Q1/0/None_None,model=MLP2_Softmax.txt
=================================

No Attack==============================
load_dataset_per_party  args.need_auxiliary =  0
Load Defense models
load_dataset_per_party  args.need_auxiliary =  0
Load Defense models
validate and test
Epoch 0% 	 train_loss:-1.00 train_acc:-1.00 test_acc:0.91
validate and test
Epoch 1% 	 train_loss:-1.00 train_acc:-1.00 test_acc:0.92
validate and test
Epoch 2% 	 train_loss:-1.00 train_acc:-1.00 test_acc:0.94
validate and test
Epoch 3% 	 train_loss:-1.00 train_acc:-1.00 test_acc:0.94
validate and test
Epoch 4% 	 train_loss:-1.00 train_acc:-1.00 test_acc:0.94
validate and test
Epoch 5% 	 train_loss:-1.00 train_acc:-1.00 test_acc:0.95
validate and test
Epoch 6% 	 train_loss:-1.00 train_acc:-1.00 test_acc:0.95
validate and test
Epoch 7% 	 train_loss:-1.00 train_acc:-1.00 test_acc:0.95
validate and test
Epoch 8% 	 train_loss:-1.00 train_acc:-1.00 test_acc:0.95
validate and test
Epoch 9% 	 train_loss:-1.00 train_acc:-1.00 test_acc:0.95
validate and test
Epoch 10% 	 train_loss:-1.00 train_acc:-1.00 test_acc:0.95
validate and test
Epoch 11% 	 train_loss:-1.00 train_acc:-1.00 test_acc:0.95
validate and test
Epoch 12% 	 train_loss:-1.00 train_acc:-1.00 test_acc:0.95
validate and test
Epoch 13% 	 train_loss:-1.00 train_acc:-1.00 test_acc:0.95
validate and test
Epoch 14% 	 train_loss:-1.00 train_acc:-1.00 test_acc:0.95
validate and test
Epoch 15% 	 train_loss:-1.00 train_acc:-1.00 test_acc:0.95
validate and test
Epoch 16% 	 train_loss:-1.00 train_acc:-1.00 test_acc:0.95
validate and test
Epoch 17% 	 train_loss:-1.00 train_acc:-1.00 test_acc:0.95
validate and test
Epoch 18% 	 train_loss:-1.00 train_acc:-1.00 test_acc:0.95
validate and test
Epoch 19% 	 train_loss:-1.00 train_acc:-1.00 test_acc:0.95
validate and test
Epoch 20% 	 train_loss:-1.00 train_acc:-1.00 test_acc:0.95
validate and test
Epoch 21% 	 train_loss:-1.00 train_acc:-1.00 test_acc:0.95
validate and test
Epoch 22% 	 train_loss:-1.00 train_acc:-1.00 test_acc:0.95
validate and test
Epoch 23% 	 train_loss:-1.00 train_acc:-1.00 test_acc:0.95
validate and test
Epoch 24% 	 train_loss:-1.00 train_acc:-1.00 test_acc:0.95
validate and test
Epoch 25% 	 train_loss:-1.00 train_acc:-1.00 test_acc:0.95
validate and test
Epoch 26% 	 train_loss:-1.00 train_acc:-1.00 test_acc:0.95
validate and test
Epoch 27% 	 train_loss:-1.00 train_acc:-1.00 test_acc:0.95
validate and test
Epoch 28% 	 train_loss:-1.00 train_acc:-1.00 test_acc:0.95
validate and test
Epoch 29% 	 train_loss:-1.00 train_acc:-1.00 test_acc:0.95
K|bs|LR|num_class|Q|top_trainable|epoch|attack_name|None|main_task_acc|acc_loss,2|1024|0.010000|10|1|0|30|No_Attack|None|0.9548|0.0
================= iter seed  100  =================
===== No Defense ======
===== No Attack ======
running on cuda0
============ apply_trainable_layer= 0 ============
======= Defense ========
Defense_Name: None
Defense_Config: None
===== Total Attack Tested: 0  ======
targeted_backdoor: [] []
untargeted_backdoor: [] []
label_inference: [] []
feature_inference: [] []
exp_result/mnist/Q1/0/None_None,model=MLP2_Softmax.txt
=================================

No Attack==============================
load_dataset_per_party  args.need_auxiliary =  0
Load Defense models
load_dataset_per_party  args.need_auxiliary =  0
Load Defense models
validate and test
Epoch 0% 	 train_loss:-1.00 train_acc:-1.00 test_acc:0.91
validate and test
Epoch 1% 	 train_loss:-1.00 train_acc:-1.00 test_acc:0.93
validate and test
Epoch 2% 	 train_loss:-1.00 train_acc:-1.00 test_acc:0.93
validate and test
Epoch 3% 	 train_loss:-1.00 train_acc:-1.00 test_acc:0.94
validate and test
Epoch 4% 	 train_loss:-1.00 train_acc:-1.00 test_acc:0.94
validate and test
Epoch 5% 	 train_loss:-1.00 train_acc:-1.00 test_acc:0.95
validate and test
Epoch 6% 	 train_loss:-1.00 train_acc:-1.00 test_acc:0.95
validate and test
Epoch 7% 	 train_loss:-1.00 train_acc:-1.00 test_acc:0.95
validate and test
Epoch 8% 	 train_loss:-1.00 train_acc:-1.00 test_acc:0.95
validate and test
Epoch 9% 	 train_loss:-1.00 train_acc:-1.00 test_acc:0.95
validate and test
Epoch 10% 	 train_loss:-1.00 train_acc:-1.00 test_acc:0.95
validate and test
Epoch 11% 	 train_loss:-1.00 train_acc:-1.00 test_acc:0.95
validate and test
Epoch 12% 	 train_loss:-1.00 train_acc:-1.00 test_acc:0.95
validate and test
Epoch 13% 	 train_loss:-1.00 train_acc:-1.00 test_acc:0.95
validate and test
Epoch 14% 	 train_loss:-1.00 train_acc:-1.00 test_acc:0.95
validate and test
Epoch 15% 	 train_loss:-1.00 train_acc:-1.00 test_acc:0.95
validate and test
Epoch 16% 	 train_loss:-1.00 train_acc:-1.00 test_acc:0.95
validate and test
Epoch 17% 	 train_loss:-1.00 train_acc:-1.00 test_acc:0.96
validate and test
Epoch 18% 	 train_loss:-1.00 train_acc:-1.00 test_acc:0.96
validate and test
Epoch 19% 	 train_loss:-1.00 train_acc:-1.00 test_acc:0.96
validate and test
Epoch 20% 	 train_loss:-1.00 train_acc:-1.00 test_acc:0.96
validate and test
Epoch 21% 	 train_loss:-1.00 train_acc:-1.00 test_acc:0.96
validate and test
Epoch 22% 	 train_loss:-1.00 train_acc:-1.00 test_acc:0.96
validate and test
Epoch 23% 	 train_loss:-1.00 train_acc:-1.00 test_acc:0.96
validate and test
Epoch 24% 	 train_loss:-1.00 train_acc:-1.00 test_acc:0.96
validate and test
Epoch 25% 	 train_loss:-1.00 train_acc:-1.00 test_acc:0.96
validate and test
Epoch 26% 	 train_loss:-1.00 train_acc:-1.00 test_acc:0.96
validate and test
Epoch 27% 	 train_loss:-1.00 train_acc:-1.00 test_acc:0.96
validate and test
Epoch 28% 	 train_loss:-1.00 train_acc:-1.00 test_acc:0.96
validate and test
Epoch 29% 	 train_loss:-1.00 train_acc:-1.00 test_acc:0.96
K|bs|LR|num_class|Q|top_trainable|epoch|attack_name|None|main_task_acc|acc_loss,2|1024|0.010000|10|1|0|30|No_Attack|None|0.9579|0.0
================= iter seed  101  =================
===== No Defense ======
===== No Attack ======
running on cuda0
============ apply_trainable_layer= 0 ============
======= Defense ========
Defense_Name: None
Defense_Config: None
===== Total Attack Tested: 0  ======
targeted_backdoor: [] []
untargeted_backdoor: [] []
label_inference: [] []
feature_inference: [] []
exp_result/mnist/Q1/0/None_None,model=MLP2_Softmax.txt
=================================

No Attack==============================
load_dataset_per_party  args.need_auxiliary =  0
Load Defense models
load_dataset_per_party  args.need_auxiliary =  0
Load Defense models
validate and test
Epoch 0% 	 train_loss:-1.00 train_acc:-1.00 test_acc:0.91
validate and test
Epoch 1% 	 train_loss:-1.00 train_acc:-1.00 test_acc:0.92
validate and test
Epoch 2% 	 train_loss:-1.00 train_acc:-1.00 test_acc:0.93
validate and test
Epoch 3% 	 train_loss:-1.00 train_acc:-1.00 test_acc:0.94
validate and test
Epoch 4% 	 train_loss:-1.00 train_acc:-1.00 test_acc:0.94
validate and test
Epoch 5% 	 train_loss:-1.00 train_acc:-1.00 test_acc:0.94
validate and test
Epoch 6% 	 train_loss:-1.00 train_acc:-1.00 test_acc:0.94
validate and test
Epoch 7% 	 train_loss:-1.00 train_acc:-1.00 test_acc:0.95
validate and test
Epoch 8% 	 train_loss:-1.00 train_acc:-1.00 test_acc:0.95
validate and test
Epoch 9% 	 train_loss:-1.00 train_acc:-1.00 test_acc:0.95
validate and test
Epoch 10% 	 train_loss:-1.00 train_acc:-1.00 test_acc:0.95
validate and test
Epoch 11% 	 train_loss:-1.00 train_acc:-1.00 test_acc:0.95
validate and test
Epoch 12% 	 train_loss:-1.00 train_acc:-1.00 test_acc:0.95
validate and test
Epoch 13% 	 train_loss:-1.00 train_acc:-1.00 test_acc:0.95
validate and test
Epoch 14% 	 train_loss:-1.00 train_acc:-1.00 test_acc:0.95
validate and test
Epoch 15% 	 train_loss:-1.00 train_acc:-1.00 test_acc:0.95
validate and test
Epoch 16% 	 train_loss:-1.00 train_acc:-1.00 test_acc:0.95
validate and test
Epoch 17% 	 train_loss:-1.00 train_acc:-1.00 test_acc:0.95
validate and test
Epoch 18% 	 train_loss:-1.00 train_acc:-1.00 test_acc:0.95
validate and test
Epoch 19% 	 train_loss:-1.00 train_acc:-1.00 test_acc:0.95
validate and test
Epoch 20% 	 train_loss:-1.00 train_acc:-1.00 test_acc:0.95
validate and test
Epoch 21% 	 train_loss:-1.00 train_acc:-1.00 test_acc:0.95
validate and test
Epoch 22% 	 train_loss:-1.00 train_acc:-1.00 test_acc:0.95
validate and test
Epoch 23% 	 train_loss:-1.00 train_acc:-1.00 test_acc:0.95
validate and test
Epoch 24% 	 train_loss:-1.00 train_acc:-1.00 test_acc:0.95
validate and test
Epoch 25% 	 train_loss:-1.00 train_acc:-1.00 test_acc:0.95
validate and test
Epoch 26% 	 train_loss:-1.00 train_acc:-1.00 test_acc:0.95
validate and test
Epoch 27% 	 train_loss:-1.00 train_acc:-1.00 test_acc:0.95
validate and test
Epoch 28% 	 train_loss:-1.00 train_acc:-1.00 test_acc:0.96
validate and test
Epoch 29% 	 train_loss:-1.00 train_acc:-1.00 test_acc:0.96
K|bs|LR|num_class|Q|top_trainable|epoch|attack_name|None|main_task_acc|acc_loss,2|1024|0.010000|10|1|0|30|No_Attack|None|0.9555|0.0
